✅ Database "codearena" ready.
  ✓ users
  ✓ contests
  ✓ problems
  ✓ contest_problems
  ✓ submissions
  ✓ participations

🎉 All tables created successfully!

🚀 CodeArena MVP API running at http://localhost:5001
   Configured with Python/Flask modular routing.
 * Serving Flask app 'app'
 * Debug mode: on
[31m[1mWARNING: This is a development server. Do not use it in a production deployment. Use a production WSGI server instead.[0m
 * Running on all addresses (0.0.0.0)
 * Running on http://127.0.0.1:5001
 * Running on http://192.168.1.20:5001
[33mPress CTRL+C to quit[0m
 * Restarting with stat
 * Debugger is active!
 * Debugger PIN: 141-712-326
